###############################################################################
#                                                                             #
# IAR ANSI C/C++ Compiler V6.60.2.5449/W32 for ARM      17/Mar/2014  18:12:35 #
# Copyright 1999-2013 IAR Systems AB.                                         #
#                                                                             #
#    Cpu mode     =  thumb                                                    #
#    Endian       =  little                                                   #
#    Source file  =  C:\Users\Quinn\Documents\School\MPG\SVN                  #
#                    Server\src\lib\utils\futils.c                            #
#    Command line =  "C:\Users\Quinn\Documents\School\MPG\SVN                 #
#                    Server\src\lib\utils\futils.c" -D __SAM3U2C__            #
#                    --preprocess=c "C:\Users\Quinn\Documents\School\MPG\SVN  #
#                    Server\project\Debug\List\" -lcN                         #
#                    "C:\Users\Quinn\Documents\School\MPG\SVN                 #
#                    Server\project\Debug\List\" --diag_suppress Pa050 -o     #
#                    "C:\Users\Quinn\Documents\School\MPG\SVN                 #
#                    Server\project\Debug\Obj\" --no_cse --no_unroll          #
#                    --no_inline --no_code_motion --no_tbaa --no_clustering   #
#                    --no_scheduling --debug --endian=little --cpu=Cortex-M3  #
#                    -e --fpu=None --dlib_config "C:\Program Files (x86)\IAR  #
#                    Systems\Embedded Workbench 6.5\arm\INC\c\DLib_Config_Nor #
#                    mal.h" -I "C:\Users\Quinn\Documents\School\MPG\SVN       #
#                    Server\project\..\src\" -I "C:\Users\Quinn\Documents\Sch #
#                    ool\MPG\SVN Server\project\..\src\bsp\" -I               #
#                    "C:\Users\Quinn\Documents\School\MPG\SVN                 #
#                    Server\project\..\src\app\" -I                           #
#                    "C:\Users\Quinn\Documents\School\MPG\SVN                 #
#                    Server\project\..\src\lib\utils\" -I                     #
#                    "C:\Users\Quinn\Documents\School\MPG\SVN                 #
#                    Server\project\..\src\lib\structures\src\" -I            #
#                    "C:\Users\Quinn\Documents\School\MPG\SVN                 #
#                    Server\project\..\src\lib\file\" -I                      #
#                    "C:\Users\Quinn\Documents\School\MPG\SVN                 #
#                    Server\project\..\src\lib\file\hooks\FatFs\" -I          #
#                    "C:\Users\Quinn\Documents\School\MPG\SVN                 #
#                    Server\project\..\src\lib\file\disk\" -I                 #
#                    "C:\Users\Quinn\Documents\School\MPG\SVN                 #
#                    Server\project\..\src\lib\version\" -I                   #
#                    "C:\Users\Quinn\Documents\School\MPG\SVN                 #
#                    Server\project\..\src\lib\FatFs\" -I                     #
#                    "C:\Users\Quinn\Documents\School\MPG\SVN                 #
#                    Server\project\..\src\bsp\" -I                           #
#                    "C:\Users\Quinn\Documents\School\MPG\SVN                 #
#                    Server\project\..\src\config\" -I                        #
#                    "C:\Users\Quinn\Documents\School\MPG\SVN                 #
#                    Server\project\..\src\drivers\" -I                       #
#                    "C:\Users\Quinn\Documents\School\MPG\SVN                 #
#                    Server\project\..\src\utils\" -I                         #
#                    "C:\Users\Quinn\Documents\School\MPG\SVN                 #
#                    Server\project\..\src\drivers\" -On -I "C:\Program       #
#                    Files (x86)\IAR Systems\Embedded Workbench               #
#                    6.5\arm\CMSIS\Include\"                                  #
#    List file    =  C:\Users\Quinn\Documents\School\MPG\SVN                  #
#                    Server\project\Debug\List\futils.lst                     #
#    Object file  =  C:\Users\Quinn\Documents\School\MPG\SVN                  #
#                    Server\project\Debug\Obj\futils.o                        #
#                                                                             #
#                                                                             #
###############################################################################

C:\Users\Quinn\Documents\School\MPG\SVN Server\src\lib\utils\futils.c
      1          /*******************************************************************************************
      2          File utilities
      3          
      4          This is free, public domain software and there is NO WARRANTY.
      5          No restriction on use. You can use, modify and redistribute it for
      6          personal, non-profit or commercial products UNDER YOUR RESPONSIBILITY.
      7          
      8          Sheldon Patterson
      9          ********************************************************************************************/
     10          
     11          
     12          #include "futils.h"
     13          #include <ctype.h>	//lint !e537
     14          #include <string.h>	//lint !e537
     15          
     16          
     17          /**************************************************************************
     18           *                                  Constants
     19           **************************************************************************/
     20          /**************************************************************************
     21           *                                  Types
     22           **************************************************************************/
     23          /**************************************************************************
     24           *                                  Variables
     25           **************************************************************************/
     26          /**************************************************************************
     27           *                                  Prototypes
     28           **************************************************************************/
     29          /**************************************************************************
     30           *                                  Global Functions
     31           **************************************************************************/
     32          UINT8 FutilsDriveNum(char const *pName)
     33          {
     34          	UINT8 drv;
     35          	if (pName[0] == '/')
     36          	{
     37          		drv = pName[1] - '0';
     38          	}
     39          	else if (isdigit(pName[0]))
     40          	{
     41          		drv = pName[0] - '0';
     42          	}
     43          	else
     44          	{
     45          		drv = 0;
     46          	}
     47          	return drv;
     48          }
     49          
     50          char const * FutilsFileName(char const *pName)
     51          {
     52          	char const *pPathEndPos;
     53          	char ch;
     54          
     55          	// find last folder delimiter '/' or '\'
     56          	pPathEndPos = pName;
     57          	while ((ch = *pName++) != '\0')
     58          	{
     59          		if ((ch == '/') || (ch == '\\'))
     60          			pPathEndPos = pName;
     61          	}
     62          	return pPathEndPos;
     63          }
     64          
     65          char const * FutilsFileExtension(char const *pName)
     66          {
     67          	char const *pLastDot = NULL;
     68          	char ch;
     69          
     70          	// find last '.'
     71          	while ((ch = *pName++) != '\0')
     72          	{
     73          		if (ch == '.')
     74          			pLastDot = pName;
     75          	}
     76          	if (!pLastDot)
     77          	{
     78          		pLastDot = pName;
     79          	}
     80          	return pLastDot;
     81          }
     82          
     83          
     84          BOOL FutilsFilenameIsValid(char const *pName, BOOL wildCardOkay)
     85          {
     86          	char ch;
     87          
     88          	if (!pName || (*pName == F_DELETED_CHAR))
     89          		return FALSE;
     90          
     91          	while ((ch = *pName++) != '\0')
     92          	{
     93          		if (((UINT8)ch < 0x20) || (ch == 0x22) ||
     94          			 (ch == '|') || (ch == '<') || (ch == '>') ||
     95          			 (ch == '/') || (ch == '\\') || (ch == ':'))
     96          		{
     97          			return FALSE;
     98          		}
     99          		if (!wildCardOkay && ((ch == '?') || (ch == '*')))
    100          		{
    101          			return FALSE;
    102          		}
    103          	}
    104          	return TRUE;
    105          }
    106          
    107          // Derived from Alessandro Cantatore (http://xoomer.virgilio.it/acantato/dev/wildcard/wildmatch.html)
    108          /*
    109          # The code mentioned below is the copyright property of Alessandro Felice Cantatore with the exception
    110            of those algorithms which are, as specified in the documentation, property of the respective owners.
    111          # You are not allowed to patent or copyright this code as your!
    112          # If you work for Microsoft you are not allowed to use this code!
    113          # If you work for IBM you can use this code only if the target OS is OS/2 or linux.
    114          # You are not allowed to use this code for projects or programs owned or used by the army, the
    115            department of defense or the government of any country violating human rights or international laws
    116            (including those western countries pretending to "export" democracy).
    117          If you are unsure just check what Amnesty International reports about your country.
    118          # You are not allowed to use this code in programs used in activities causing harm to living beeings
    119            or to the environment.
    120          # You are free to use the algorithms described below in your programs, or modify them to suit your
    121            needs, provided that you include their source, including these notes and my name, (you are not
    122            required to include the whole source of your program) in your program package.
    123          # You are not allowed to sell this code, but you can include it into a commercial program.
    124          # If you have any doubt ask the author.
    125          */
    126          BOOL FutilsWildcardNameIsMatch(char const *pat, char const *str)
    127          {
    128             char const *s;
    129          	char const *p;
    130             BOOL star = FALSE;
    131          
    132          loopStart:
    133             for (s = str, p = pat; *s; ++s, ++p) {
    134                switch (*p) {
    135                   case '?':
    136                      if (*s == '.') goto starCheck;	//lint !e801
    137                      break;
    138                   case '*':
    139                      star = TRUE;
    140                      str = s, pat = p;
    141                      if (!*++pat) return TRUE;
    142                      goto loopStart;						//lint !e801
    143                   default:
    144                      if (toupper(*s) != toupper(*p))
    145                         goto starCheck;					//lint !e801
    146                      break;
    147                } /* endswitch */
    148             } /* endfor */
    149             if (*p == '*') ++p;
    150             return (BOOL)(!*p);
    151          
    152          starCheck:
    153             if (!star) return FALSE;
    154             str++;
    155             goto loopStart;									//lint !e801
    156          }	//lint !e438
    157          
    158          BOOL FutilsNameIsOnlyDots(char const *pName)
    159          {
    160          	char ch;
    161          	while ((ch = *pName++) != '\0')
    162          	{
    163          		if (ch != '.')
    164          			return FALSE;
    165          	}
    166          	return TRUE;
    167          }
    168          
    169          // Strips the last folder from the current path. Will return the folder name that was removed, so
    170          // the incoming string may require room for one extra '\0' character
    171          char * FutilsUpDir(char *pPath)
    172          {
    173          	UINT32 len = strlen(pPath);
    174          	BOOL trailingSlash = FALSE;
    175          	char *pRetName = NULL;
    176          	char *pSlash;
    177          
    178          	if ((pPath[len-1] == '\\') || (pPath[len-1] == '/'))
    179          	{
    180          		pPath[len-1] = '\0';
    181          		trailingSlash = TRUE;
    182          	}
    183          
    184          	pSlash = strrchr(pPath, '\\');
    185          	if (!pSlash)
    186          		pSlash = strrchr(pPath, '/');
    187          
    188          	if (pSlash)
    189          	{
    190          		if (trailingSlash)
    191          		{
    192          			pSlash++;
    193          			memmove(pSlash+1, pSlash, (UINT32)(len - (UINT32)(pSlash - pPath)));
    194          		}
    195          		pRetName = pSlash+1;
    196          		*pSlash = '\0';
    197          	}
    198          	else if (trailingSlash)
    199          		pPath[len-1] = '/';		// restore original string
    200          
    201          	return pRetName;
    202          }
    203          
    204          
    205          /**************************************************************************
    206           *                                 Private Functions
    207           **************************************************************************/
    208          

   Maximum stack usage in bytes:

   .cstack Function
   ------- --------
      16   FutilsDriveNum
        16   -> isdigit
       0   FutilsFileExtension
       0   FutilsFileName
       0   FutilsFilenameIsValid
       0   FutilsNameIsOnlyDots
      24   FutilsUpDir
        24   -> memmove
        24   -> strlen
        24   -> strrchr
      32   FutilsWildcardNameIsMatch
        32   -> toupper
       0   _LocaleC_islower
       8   _LocaleC_toupper
         8   -> _LocaleC_islower
       0   isdigit
      16   strrchr
        16   -> __iar_Strrchr
       8   toupper
         8   -> _LocaleC_toupper


   Section sizes:

   Bytes  Function/Label
   -----  --------------
      46  FutilsDriveNum
      34  FutilsFileExtension
      34  FutilsFileName
     106  FutilsFilenameIsValid
      28  FutilsNameIsOnlyDots
     142  FutilsUpDir
     132  FutilsWildcardNameIsMatch
      18  _LocaleC_islower
      22  _LocaleC_toupper
      18  isdigit
      16  strrchr
      12  toupper

 
 608 bytes in section .text
 
 522 bytes of CODE memory (+ 86 bytes shared)

Errors: none
Warnings: none
