###############################################################################
#                                                                             #
# IAR ANSI C/C++ Compiler V6.60.2.5449/W32 for ARM      29/Mar/2014  13:57:28 #
# Copyright 1999-2013 IAR Systems AB.                                         #
#                                                                             #
#    Cpu mode     =  thumb                                                    #
#    Endian       =  little                                                   #
#    Source file  =  C:\Users\Quinn\Documents\School\MPG\End                  #
#                    Project\src\app\menu2.c                                  #
#    Command line =  "C:\Users\Quinn\Documents\School\MPG\End                 #
#                    Project\src\app\menu2.c" -D __SAM3U2C__ --preprocess=c   #
#                    "C:\Users\Quinn\Documents\School\MPG\End                 #
#                    Project\project\Debug\List\" -lcN                        #
#                    "C:\Users\Quinn\Documents\School\MPG\End                 #
#                    Project\project\Debug\List\" --diag_suppress Pa050 -o    #
#                    "C:\Users\Quinn\Documents\School\MPG\End                 #
#                    Project\project\Debug\Obj\" --no_cse --no_unroll         #
#                    --no_inline --no_code_motion --no_tbaa --no_clustering   #
#                    --no_scheduling --debug --endian=little --cpu=Cortex-M3  #
#                    -e --fpu=None --dlib_config "C:\Program Files (x86)\IAR  #
#                    Systems\Embedded Workbench 6.5\arm\INC\c\DLib_Config_Nor #
#                    mal.h" -I "C:\Users\Quinn\Documents\School\MPG\End       #
#                    Project\project\..\src\" -I                              #
#                    "C:\Users\Quinn\Documents\School\MPG\End                 #
#                    Project\project\..\src\bsp\" -I                          #
#                    "C:\Users\Quinn\Documents\School\MPG\End                 #
#                    Project\project\..\src\app\" -I                          #
#                    "C:\Users\Quinn\Documents\School\MPG\End                 #
#                    Project\project\..\src\lib\utils\" -I                    #
#                    "C:\Users\Quinn\Documents\School\MPG\End                 #
#                    Project\project\..\src\lib\structures\src\" -I           #
#                    "C:\Users\Quinn\Documents\School\MPG\End                 #
#                    Project\project\..\src\lib\file\" -I                     #
#                    "C:\Users\Quinn\Documents\School\MPG\End                 #
#                    Project\project\..\src\lib\file\hooks\FatFs\" -I         #
#                    "C:\Users\Quinn\Documents\School\MPG\End                 #
#                    Project\project\..\src\lib\file\disk\" -I                #
#                    "C:\Users\Quinn\Documents\School\MPG\End                 #
#                    Project\project\..\src\lib\version\" -I                  #
#                    "C:\Users\Quinn\Documents\School\MPG\End                 #
#                    Project\project\..\src\lib\FatFs\" -I                    #
#                    "C:\Users\Quinn\Documents\School\MPG\End                 #
#                    Project\project\..\src\bsp\" -I                          #
#                    "C:\Users\Quinn\Documents\School\MPG\End                 #
#                    Project\project\..\src\config\" -I                       #
#                    "C:\Users\Quinn\Documents\School\MPG\End                 #
#                    Project\project\..\src\drivers\" -I                      #
#                    "C:\Users\Quinn\Documents\School\MPG\End                 #
#                    Project\project\..\src\utils\" -I                        #
#                    "C:\Users\Quinn\Documents\School\MPG\End                 #
#                    Project\project\..\src\drivers\" -On -I "C:\Program      #
#                    Files (x86)\IAR Systems\Embedded Workbench               #
#                    6.5\arm\CMSIS\Include\"                                  #
#    List file    =  C:\Users\Quinn\Documents\School\MPG\End                  #
#                    Project\project\Debug\List\menu2.lst                     #
#    Object file  =  C:\Users\Quinn\Documents\School\MPG\End                  #
#                    Project\project\Debug\Obj\menu2.o                        #
#                                                                             #
#                                                                             #
###############################################################################

C:\Users\Quinn\Documents\School\MPG\End Project\src\app\menu2.c
      1          /*******************************************************************************************
      2          This is free, public domain software and there is NO WARRANTY.
      3          No restriction on use. You can use, modify and redistribute it for
      4          personal, non-profit or commercial products UNDER YOUR RESPONSIBILITY.
      5          
      6          Sheldon Patterson
      7          ********************************************************************************************/
      8          
      9          
     10          #include "menu2.h"
     11          
     12          
     13          /**************************************************************************
     14           *                                  Constants
     15           **************************************************************************/
     16          static const MENU2 menu2[] =
     17          {
     18            {
     19              "Test A",
     20              SongTwinkleTwinkle,
     21              NULL
     22            },
     23            {
     24              "Test B",
     25              SongTwinkleTwinkle,
     26              NULL
     27            },
     28            {
     29              "Test C",
     30              MusicStop,
     31              NULL
     32            }
     33          };
     34          
     35          static const MENU2 menu1[] =
     36          {
     37            {
     38              "Test 1",
     39              NULL,
     40              menu2
     41            },
     42            {
     43              "Test 2",
     44              NULL,
     45              menu2
     46            },
     47            {
     48              "Test 3",
     49              NULL,
     50              menu2
     51            }
     52          };
     53          
     54          /**************************************************************************
     55           *                                  Types
     56           **************************************************************************/
     57          /**************************************************************************
     58           *                                  Variables
     59           **************************************************************************/
     60          u8 menuIndex = 0;
     61          MENU2* currMenu = &menu1;
     62          /**************************************************************************
     63           *                                  Prototypes
     64           **************************************************************************/
     65          static void scrollDown(u8* index, MENU2* menu);
     66          static void scrollUp(u8* index);
     67          static void forward();
     68          
     69          /**************************************************************************
     70           *                                  Global Functions
     71           **************************************************************************/
     72          void Menu2Init()
     73          {
     74            
     75          }
     76          
     77          void Menu2Update()
     78          {
     79            // Check for button presses
     80            if (ButtonWasPressed(BTN_RM))         // Scroll Down
     81            {
     82              ButtonPressAck(BTN_RM);
     83              scrollDown(&menuIndex, currMenu);
     84            }
     85            
     86            if (ButtonWasPressed(BTN_LM))         // Scroll Up
     87            {
     88              ButtonPressAck(BTN_LM);
     89              scrollUp(&menuIndex);
     90            }
     91            
     92            if (ButtonWasPressed(BTN_R))
     93            {
     94              ButtonPressAck(BTN_R);
     95              forward();
     96            }
     97            
     98            // Screen update
     99            LcdClear();
    100            LcdPuts(currMenu[menuIndex].name); 
    101            LcdPuts("\n");
    102            LcdPuts(currMenu[menuIndex + 1].name);
    103          }
    104          
    105          /**************************************************************************
    106           *                                 Private Functions
    107           **************************************************************************/
    108          static void scrollDown(u8* index, MENU2* menu)
    109          {
    110            if (*index < ((u8)(NELEMENTS((*menu))) - 1))
    111            {
    112              *index++;
    113            }
    114          }
    115          
    116          static void scrollUp(u8* index)
    117          {
    118            
    119          }
    120          
    121          static void forward()
    122          {
    123            
    124          }

Errors: 2
Warnings: none
