###############################################################################
#                                                                             #
# IAR ANSI C/C++ Compiler V6.60.2.5449/W32 for ARM      08/Jan/2015  19:26:00 #
# Copyright 1999-2013 IAR Systems AB.                                         #
#                                                                             #
#    Cpu mode     =  thumb                                                    #
#    Endian       =  little                                                   #
#    Source file  =  C:\Users\Quinn\Documents\School\MPG\End                  #
#                    Project\src\app\minesweeper.c                            #
#    Command line =  "C:\Users\Quinn\Documents\School\MPG\End                 #
#                    Project\src\app\minesweeper.c" -D __SAM3U2C__            #
#                    --preprocess=c "C:\Users\Quinn\Documents\School\MPG\End  #
#                    Project\project\Debug\List\" -lcN                        #
#                    "C:\Users\Quinn\Documents\School\MPG\End                 #
#                    Project\project\Debug\List\" --diag_suppress Pa050 -o    #
#                    "C:\Users\Quinn\Documents\School\MPG\End                 #
#                    Project\project\Debug\Obj\" --no_cse --no_unroll         #
#                    --no_inline --no_code_motion --no_tbaa --no_clustering   #
#                    --no_scheduling --debug --endian=little --cpu=Cortex-M3  #
#                    -e --fpu=None --dlib_config "C:\Program Files (x86)\IAR  #
#                    Systems\Embedded Workbench 6.5\arm\INC\c\DLib_Config_Nor #
#                    mal.h" -I "C:\Users\Quinn\Documents\School\MPG\End       #
#                    Project\project\..\src\" -I                              #
#                    "C:\Users\Quinn\Documents\School\MPG\End                 #
#                    Project\project\..\src\bsp\" -I                          #
#                    "C:\Users\Quinn\Documents\School\MPG\End                 #
#                    Project\project\..\src\app\" -I                          #
#                    "C:\Users\Quinn\Documents\School\MPG\End                 #
#                    Project\project\..\src\lib\utils\" -I                    #
#                    "C:\Users\Quinn\Documents\School\MPG\End                 #
#                    Project\project\..\src\lib\structures\src\" -I           #
#                    "C:\Users\Quinn\Documents\School\MPG\End                 #
#                    Project\project\..\src\lib\file\" -I                     #
#                    "C:\Users\Quinn\Documents\School\MPG\End                 #
#                    Project\project\..\src\lib\file\hooks\FatFs\" -I         #
#                    "C:\Users\Quinn\Documents\School\MPG\End                 #
#                    Project\project\..\src\lib\file\disk\" -I                #
#                    "C:\Users\Quinn\Documents\School\MPG\End                 #
#                    Project\project\..\src\lib\version\" -I                  #
#                    "C:\Users\Quinn\Documents\School\MPG\End                 #
#                    Project\project\..\src\lib\FatFs\" -I                    #
#                    "C:\Users\Quinn\Documents\School\MPG\End                 #
#                    Project\project\..\src\bsp\" -I                          #
#                    "C:\Users\Quinn\Documents\School\MPG\End                 #
#                    Project\project\..\src\config\" -I                       #
#                    "C:\Users\Quinn\Documents\School\MPG\End                 #
#                    Project\project\..\src\drivers\" -I                      #
#                    "C:\Users\Quinn\Documents\School\MPG\End                 #
#                    Project\project\..\src\utils\" -I                        #
#                    "C:\Users\Quinn\Documents\School\MPG\End                 #
#                    Project\project\..\src\drivers\" -On -I "C:\Program      #
#                    Files (x86)\IAR Systems\Embedded Workbench               #
#                    6.5\arm\CMSIS\Include\"                                  #
#    List file    =  C:\Users\Quinn\Documents\School\MPG\End                  #
#                    Project\project\Debug\List\minesweeper.lst               #
#    Object file  =  C:\Users\Quinn\Documents\School\MPG\End                  #
#                    Project\project\Debug\Obj\minesweeper.o                  #
#                                                                             #
#                                                                             #
###############################################################################

C:\Users\Quinn\Documents\School\MPG\End Project\src\app\minesweeper.c
      1          /*******************************************************************************************
      2          This is free, public domain software and there is NO WARRANTY.
      3          No restriction on use. You can use, modify and redistribute it for
      4          personal, non-profit or commercial products UNDER YOUR RESPONSIBILITY.
      5          
      6          Sheldon Patterson
      7          ********************************************************************************************/
      8          
      9          
     10          #include "minesweeper.h"
     11          
     12          
     13          /**************************************************************************
     14           *                                  Constants
     15           **************************************************************************/
     16          char insruct[4][20] = 
     17          {
     18            "instruct 1",
     19            "instruct 2",
     20            "instruct 3",
     21            "instruct 4"
     22          };
     23          
     24          char insructMark[4][20] = 
     25          {
     26            "instruct 1",
     27            "instruct 2",
     28            "instruct 3",
     29            "instruct 4"
     30          };
     31          /**************************************************************************
     32           *                                  Types
     33           **************************************************************************/
     34          typedef struct node
     35          {
     36            bool uncovered;
     37            bool isMine;
     38            int nearMines;
     39          }NODE;
     40          /**************************************************************************
     41           *                                  Variables
     42           **************************************************************************/
     43          bool firstPlay = true;
     44          
     45          u16 entropy = 333;
     46          
     47          NODE field[5][20];
     48          
     49          /**************************************************************************
     50           *                                  Prototypes
     51           **************************************************************************/
     52          void tutorial(void);
     53          void fieldInit(NODE field, u16 entropy);
     54          
     55          /**************************************************************************
     56           *                                  Global Functions
     57           **************************************************************************/
     58          void MinesweeperInit(void)
     59          {
     60            /*
     61            if (firstPlay)
     62            {
     63              tutorial();
     64              firstPlay = false;
     65            } */
     66            
     67            fieldInit(field, entropy);
     68          }
     69          
     70          void MinesweeperUpdate(void)
     71          {
     72            
     73          }
     74          
     75          /**************************************************************************
     76           *                                 Private Functions
     77           **************************************************************************/
     78          void fieldInit(NODE field, u16 entropy)
     79          {
     80            u8 x;
     81            u8 y;
     82            
     83            bool successful = false;
     84            
     85            for(u8 i=0;i<10;i++)
     86            {
     87              successful = false;
     88              while (!successful)
     89              {
     90                x = (entropy^i)%20;
     91                y = (entropy^i)%5;
     92                if (field[y][x].
     93              }
     94            }
     95          }
     96          
     97          

Errors: 5
Warnings: none
